2025-12-28 19:48:48,704 - INFO - 日志文件: /home/chenxu/C2_IOC/utility_scan/tcp_syn/tcp_syn_scan.log
2025-12-28 19:48:48,705 - INFO - ============================================================
2025-12-28 19:48:48,705 - INFO - 开始高性能TCP SYN半开扫描任务
2025-12-28 19:48:48,706 - INFO - 输入文件: /home/chenxu/C2_IOC/Public_IOC/all_res_combine/recent_high_risk_ips.csv
2025-12-28 19:48:48,706 - INFO - 输出文件: /home/chenxu/C2_IOC/utility_scan/tcp_syn/data/scan_results.csv
2025-12-28 19:48:48,706 - INFO - 并发数: 1000
2025-12-28 19:48:48,706 - INFO - 超时时间: 1.0秒
2025-12-28 19:48:48,706 - INFO - ============================================================
2025-12-28 19:48:48,763 - INFO - 从CSV文件读取到 24788 个唯一IP地址
2025-12-28 19:48:48,769 - INFO - 待扫描: 24788 个IP × 65535 个端口 = 1,624,481,580 次扫描
2025-12-28 19:48:48,769 - INFO - 开始扫描端口 1 (共 24788 个IP)
2025-12-28 19:51:40,078 - INFO - 日志文件: /home/chenxu/C2_IOC/utility_scan/tcp_syn/tcp_syn_scan.log
2025-12-28 19:51:40,079 - INFO - ============================================================
2025-12-28 19:51:40,079 - INFO - 开始高性能TCP SYN半开扫描任务
2025-12-28 19:51:40,080 - INFO - 输入文件: /home/chenxu/C2_IOC/Public_IOC/all_res_combine/recent_high_risk_ips.csv
2025-12-28 19:51:40,080 - INFO - 输出文件: /home/chenxu/C2_IOC/utility_scan/tcp_syn/data/scan_results.csv
2025-12-28 19:51:40,080 - INFO - 并发数: 1000
2025-12-28 19:51:40,080 - INFO - 超时时间: 1.0秒
2025-12-28 19:51:40,080 - INFO - ============================================================
2025-12-28 19:51:40,137 - INFO - 从CSV文件读取到 24788 个唯一IP地址
2025-12-28 19:51:40,143 - INFO - 待扫描: 24788 个IP × 65535 个端口 = 1,624,481,580 次扫描
2025-12-28 19:51:40,143 - INFO - 开始扫描端口 1 (共 24788 个IP)
2025-12-28 20:00:14,566 - INFO - 日志文件: /home/chenxu/C2_IOC/utility_scan/tcp_syn/tcp_syn_scan.log
2025-12-28 20:00:14,567 - INFO - ============================================================
2025-12-28 20:00:14,567 - INFO - 开始高性能TCP SYN半开扫描任务
2025-12-28 20:00:14,567 - INFO - 输入文件: /home/chenxu/C2_IOC/Public_IOC/all_res_combine/recent_high_risk_ips.csv
2025-12-28 20:00:14,567 - INFO - 输出文件: /home/chenxu/C2_IOC/utility_scan/tcp_syn/data/scan_results.csv
2025-12-28 20:00:14,567 - INFO - 发包速率: 1000 packets/sec
2025-12-28 20:00:14,567 - INFO - 响应超时: 2.0秒
2025-12-28 20:00:14,567 - INFO - ============================================================
2025-12-28 20:00:14,625 - INFO - 从CSV文件读取到 24788 个唯一IP地址
2025-12-28 20:00:14,631 - INFO - 待扫描: 24788 个IP × 65535 个端口 = 1,624,481,580 次扫描
2025-12-28 20:00:14,631 - INFO - 数据包嗅探器已启动
2025-12-28 20:00:15,633 - INFO - 开始扫描端口 1 (共 24788 个IP)
2025-12-28 20:00:18,104 - INFO - 开始发送 24788 个SYN包到端口 1
2025-12-28 20:13:02,096 - INFO - 日志文件: /home/chenxu/C2_IOC/utility_scan/tcp_syn/tcp_syn_scan.log
2025-12-28 20:13:02,098 - INFO - ============================================================
2025-12-28 20:13:02,098 - INFO - 开始高性能TCP SYN半开扫描任务 (异步模式)
2025-12-28 20:13:02,098 - INFO - 输入文件: /home/chenxu/C2_IOC/Public_IOC/all_res_combine/recent_high_risk_ips.csv
2025-12-28 20:13:02,098 - INFO - 输出文件: /home/chenxu/C2_IOC/utility_scan/tcp_syn/data/scan_results.csv
2025-12-28 20:13:02,098 - INFO - 并发数: 10000
2025-12-28 20:13:02,098 - INFO - 响应超时: 2.0秒
2025-12-28 20:13:02,098 - INFO - ============================================================
2025-12-28 20:13:02,196 - INFO - 从CSV文件读取到 24788 个唯一IP地址
2025-12-28 20:13:02,211 - INFO - 待扫描: 24788 个IP × 65535 个端口 = 1,624,481,580 次扫描
2025-12-28 20:13:02,211 - INFO - 开始扫描端口 1 (共 24788 个IP)
2025-12-28 20:15:23,691 - INFO - 等待 2.0 秒收集响应...
2025-12-28 20:15:25,712 - INFO - 端口 1 扫描完成 - 发现 17 个开放 - 耗时 143.5秒 - 进度: 24788/1624481580 (0.0%)
2025-12-28 20:15:25,713 - INFO - 开始扫描端口 2 (共 24788 个IP)
2025-12-28 20:17:46,423 - INFO - 等待 2.0 秒收集响应...
2025-12-28 20:17:48,444 - INFO - 端口 2 扫描完成 - 发现 18 个开放 - 耗时 142.7秒 - 进度: 49576/1624481580 (0.0%)
2025-12-28 20:17:48,445 - INFO - 开始扫描端口 3 (共 24788 个IP)
2025-12-28 20:20:08,695 - INFO - 等待 2.0 秒收集响应...
2025-12-28 20:20:10,716 - INFO - 端口 3 扫描完成 - 发现 15 个开放 - 耗时 142.3秒 - 进度: 74364/1624481580 (0.0%)
2025-12-28 20:20:10,717 - INFO - 开始扫描端口 4 (共 24788 个IP)
2025-12-28 20:24:54,003 - INFO - 日志文件: /home/chenxu/C2_IOC/utility_scan/tcp_syn/tcp_syn_scan.log
2025-12-28 20:24:54,004 - INFO - ============================================================
2025-12-28 20:24:54,004 - INFO - 开始高性能TCP SYN半开扫描任务 (异步模式)
2025-12-28 20:24:54,004 - INFO - 输入文件: /home/chenxu/C2_IOC/Public_IOC/all_res_combine/recent_high_risk_ips.csv
2025-12-28 20:24:54,004 - INFO - 输出文件: /home/chenxu/C2_IOC/utility_scan/tcp_syn/data/scan_results.csv
2025-12-28 20:24:54,004 - INFO - 并发数: 10000
2025-12-28 20:24:54,004 - INFO - 响应超时: 2.0秒
2025-12-28 20:24:54,005 - INFO - ============================================================
2025-12-28 20:24:54,060 - INFO - 从CSV文件读取到 24788 个唯一IP地址
2025-12-28 20:24:54,066 - INFO - 待扫描: 24788 个IP × 65535 个端口 = 1,624,481,580 次扫描
2025-12-28 20:24:54,066 - INFO - 开始扫描端口 1 (共 24788 个IP)
2025-12-28 20:27:14,936 - INFO - 等待 2.0 秒收集响应...
2025-12-28 20:27:16,953 - INFO - 端口 1 扫描完成 - 发现 16 个开放 - 耗时 142.9秒 - 进度: 24788/1624481580 (0.0%)
2025-12-28 20:27:16,953 - INFO - 开始扫描端口 2 (共 24788 个IP)
2025-12-28 20:27:35,716 - INFO - 日志文件: /home/chenxu/C2_IOC/utility_scan/tcp_syn/tcp_syn_scan.log
2025-12-28 20:27:35,717 - INFO - ============================================================
2025-12-28 20:27:35,717 - INFO - 开始高性能TCP SYN半开扫描任务 (异步模式)
2025-12-28 20:27:35,717 - INFO - 输入文件: /home/chenxu/C2_IOC/Public_IOC/all_res_combine/recent_high_risk_ips.csv
2025-12-28 20:27:35,717 - INFO - 输出文件: /home/chenxu/C2_IOC/utility_scan/tcp_syn/data/scan_results.csv
2025-12-28 20:27:35,717 - INFO - 并发数: 10000
2025-12-28 20:27:35,717 - INFO - 响应超时: 2.0秒
2025-12-28 20:27:35,717 - INFO - ============================================================
2025-12-28 20:27:35,777 - INFO - 从CSV文件读取到 24788 个唯一IP地址
2025-12-28 20:27:35,785 - INFO - 待扫描: 24788 个IP × 65535 个端口 = 1,624,481,580 次扫描
2025-12-28 20:27:35,785 - INFO - 开始扫描端口 1 (共 24788 个IP)
2025-12-28 20:29:55,868 - INFO - 等待 2.0 秒收集响应...
2025-12-28 20:29:57,888 - INFO - 端口 1 扫描完成 - 发现 15 个开放 - 耗时 142.1秒 - 进度: 24788/1624481580 (0.0%)
2025-12-28 20:29:57,889 - INFO - 开始扫描端口 2 (共 24788 个IP)
2025-12-28 20:31:10,390 - INFO - 日志文件: /home/chenxu/C2_IOC/utility_scan/tcp_syn/tcp_syn_scan.log
2025-12-28 20:31:10,391 - INFO - ============================================================
2025-12-28 20:31:10,391 - INFO - 开始高性能TCP SYN半开扫描任务 (异步模式)
2025-12-28 20:31:10,391 - INFO - 输入文件: /home/chenxu/C2_IOC/Public_IOC/all_res_combine/recent_high_risk_ips.csv
2025-12-28 20:31:10,391 - INFO - 输出文件: /home/chenxu/C2_IOC/utility_scan/tcp_syn/data/scan_results.csv
2025-12-28 20:31:10,391 - INFO - 并发数: 10000
2025-12-28 20:31:10,391 - INFO - 响应超时: 2.0秒
2025-12-28 20:31:10,391 - INFO - ============================================================
2025-12-28 20:31:10,448 - INFO - 从CSV文件读取到 24788 个唯一IP地址
2025-12-28 20:31:10,454 - INFO - 待扫描: 24788 个IP × 65535 个端口 = 1,624,481,580 次扫描
2025-12-28 20:31:10,454 - INFO - 开始扫描端口 1 (共 24788 个IP)
2025-12-28 20:33:44,205 - INFO - 日志文件: /home/chenxu/C2_IOC/utility_scan/tcp_syn/tcp_syn_scan.log
2025-12-28 20:33:44,206 - INFO - ============================================================
2025-12-28 20:33:44,207 - INFO - 开始高性能TCP SYN半开扫描任务 (异步模式)
2025-12-28 20:33:44,207 - INFO - 输入文件: /home/chenxu/C2_IOC/Public_IOC/all_res_combine/recent_high_risk_ips.csv
2025-12-28 20:33:44,207 - INFO - 输出文件: /home/chenxu/C2_IOC/utility_scan/tcp_syn/data/scan_results.csv
2025-12-28 20:33:44,207 - INFO - 并发数: 1000
2025-12-28 20:33:44,207 - INFO - 响应超时: 1.0秒
2025-12-28 20:33:44,207 - INFO - ============================================================
2025-12-28 20:33:44,263 - INFO - 从CSV文件读取到 24788 个唯一IP地址
2025-12-28 20:33:44,269 - INFO - 待扫描: 24788 个IP × 65535 个端口 = 1,624,481,580 次扫描
2025-12-28 20:33:44,270 - INFO - 开始扫描端口 1 (共 24788 个IP)
2025-12-28 20:36:03,895 - INFO - 等待 1.0 秒收集响应...
2025-12-28 20:36:04,916 - INFO - 端口 1 扫描完成 - 发现 17 个开放 - 耗时 140.6秒 - 进度: 24788/1624481580 (0.0%)
2025-12-28 20:36:04,917 - INFO - 开始扫描端口 2 (共 24788 个IP)
2025-12-28 20:38:25,531 - INFO - 等待 1.0 秒收集响应...
2025-12-28 20:38:26,552 - INFO - 端口 2 扫描完成 - 发现 19 个开放 - 耗时 141.6秒 - 进度: 49576/1624481580 (0.0%)
2025-12-28 20:38:26,553 - INFO - 开始扫描端口 3 (共 24788 个IP)
